INFO - 2019-05-07 19:25:56 - trained LSTM for 2000 times.
	network - LSTM(
	  (lstm): LSTM(30, 64, batch_first=True)
	  (out): Sequential(
	    (0): Linear(in_features=64, out_features=1, bias=True)
	  )
	)
	save_name - LSTM.pt
	filename - 浦发银行2011-2015_train.csv
	learning_rate - 0.0001
	affect_days - 30
	column - ClPr
INFO - 2019-05-07 19:02:08 - tested LSTM.
	L1Loss - 0.4688628315925598
	network - LSTM(
	  (lstm): LSTM(30, 64, batch_first=True)
	  (out): Sequential(
	    (0): Linear(in_features=64, out_features=1, bias=True)
	  )
	)
	plot_name - ['fig1']
	filename - 浦发银行2011-2015_test.csv
	DA - (0.5625, 0.5625)
	affect_days - 30
	MSELoss - tensor([0.4369])
	Customize - 32
	Theil - tensor([0.0196])
	column - ClPr
INFO - 2019-05-07 20:01:37 - trained LSTM for 2000 times.
	filename - 白云机场2011-2015_train.csv
	network - LSTM(
	  (lstm): LSTM(30, 64, batch_first=True)
	  (out): Sequential(
	    (0): Linear(in_features=64, out_features=1, bias=True)
	  )
	)
	learning_rate - 0.0001
	column - ClPr
	affect_days - 30
	save_name - LSTM.pt
INFO - 2019-05-07 19:40:30 - tested LSTM.
	DA - (0.3939393939393939, 0.40404040404040403)
	Customize - 9
	Theil - tensor([0.0216])
	filename - 白云机场2011-2015_test.csv
	network - LSTM(
	  (lstm): LSTM(30, 64, batch_first=True)
	  (out): Sequential(
	    (0): Linear(in_features=64, out_features=1, bias=True)
	  )
	)
	plot_name - ['fig1']
	L1Loss - 0.42233389616012573
	column - ClPr
	affect_days - 30
	MSELoss - tensor([0.3481])
